<?xml version="1.0" encoding="UTF-8"?>
<!-- Generated by org.testng.reporters.JUnitXMLReporter -->
<testsuite ignored="0" hostname="Abhinys-MacBook-Pro.local" failures="0" tests="3" name="Default test" time="8.069" errors="0" timestamp="2023-11-22T12:37:47 CST">
  <testcase classname="testNGSessions.AmazonTest" name="pageTitleTest" time="0.018"/>
  <testcase classname="testNGSessions.AmazonTest" name="searchPageExistsTest" time="0.075"/>
  <testcase classname="testNGSessions.AmazonTest" name="loginPageTest" time="1.089"/>
</testsuite> <!-- Default test -->
