<?xml version="1.0" encoding="UTF-8"?>
<testng-results ignored="0" total="3" passed="3" failed="0" skipped="0">
  <reporter-output>
  </reporter-output>
  <suite started-at="2023-11-22T12:37:38 CST" name="Default suite" finished-at="2023-11-22T12:37:46 CST" duration-ms="8069">
    <groups>
    </groups>
    <test started-at="2023-11-22T12:37:38 CST" name="Default test" finished-at="2023-11-22T12:37:46 CST" duration-ms="8069">
      <class name="testNGSessions.AmazonTest">
        <test-method is-config="true" signature="beforeTestAmazonPageTest()[pri:0, instance:testNGSessions.AmazonTest@50a638b5]" started-at="2023-11-22T12:37:38 CST" name="beforeTestAmazonPageTest" finished-at="2023-11-22T12:37:45 CST" duration-ms="6612" status="PASS">
          <reporter-output>
          </reporter-output>
        </test-method> <!-- beforeTestAmazonPageTest -->
        <test-method signature="pageTitleTest()[pri:1, instance:testNGSessions.AmazonTest@50a638b5]" started-at="2023-11-22T12:37:45 CST" name="pageTitleTest" finished-at="2023-11-22T12:37:45 CST" duration-ms="18" status="PASS">
          <reporter-output>
          </reporter-output>
        </test-method> <!-- pageTitleTest -->
        <test-method signature="searchPageExistsTest()[pri:2, instance:testNGSessions.AmazonTest@50a638b5]" started-at="2023-11-22T12:37:45 CST" name="searchPageExistsTest" finished-at="2023-11-22T12:37:45 CST" duration-ms="75" status="PASS">
          <reporter-output>
          </reporter-output>
        </test-method> <!-- searchPageExistsTest -->
        <test-method signature="loginPageTest()[pri:3, instance:testNGSessions.AmazonTest@50a638b5]" started-at="2023-11-22T12:37:45 CST" name="loginPageTest" finished-at="2023-11-22T12:37:46 CST" duration-ms="1089" status="PASS">
          <reporter-output>
          </reporter-output>
        </test-method> <!-- loginPageTest -->
        <test-method is-config="true" signature="afterTestAmazonPageTest()[pri:0, instance:testNGSessions.AmazonTest@50a638b5]" started-at="2023-11-22T12:37:46 CST" name="afterTestAmazonPageTest" finished-at="2023-11-22T12:37:46 CST" duration-ms="198" status="PASS">
          <reporter-output>
          </reporter-output>
        </test-method> <!-- afterTestAmazonPageTest -->
      </class> <!-- testNGSessions.AmazonTest -->
    </test> <!-- Default test -->
  </suite> <!-- Default suite -->
</testng-results>
